# JRE version: Java(TM) SE Runtime Environment (8.0_191-b12) (build 1.8.0_191-b12)
# Java VM: Java HotSpot(TM) 64-Bit Server VM (25.191-b12 mixed mode windows-amd64 compressed oops)
Heap:
 PSYoungGen      total 695808K, used 236438K [0x00000000d5800000, 0x0000000100000000, 0x0000000100000000)
  eden space 695296K, 34% used [0x00000000d5800000,0x00000000e3eddb30,0x00000000fff00000)
  from space 512K, 6% used [0x00000000fff00000,0x00000000fff08000,0x00000000fff80000)
  to   space 512K, 0% used [0x00000000fff80000,0x00000000fff80000,0x0000000100000000)
 ParOldGen       total 632832K, used 431961K [0x0000000080800000, 0x00000000a7200000, 0x00000000d5800000)
  object space 632832K, 68% used [0x0000000080800000,0x000000009add6500,0x00000000a7200000)
 Metaspace       used 18090K, capacity 18976K, committed 19328K, reserved 1064960K
  class space    used 2607K, capacity 2817K, committed 2944K, reserved 1048576K
GC Heap History (10 events):
Event: 14663.399 GC heap before
{Heap before GC invocations=580691 (full 6):
 PSYoungGen      total 695808K, used 695328K [0x00000000d5800000, 0x0000000100000000, 0x0000000100000000)
  eden space 695296K, 100% used [0x00000000d5800000,0x00000000fff00000,0x00000000fff00000)
  from space 512K, 6% used [0x00000000fff80000,0x00000000fff88000,0x0000000100000000)
  to   space 512K, 0% used [0x00000000fff00000,0x00000000fff00000,0x00000000fff80000)
 ParOldGen       total 632832K, used 431961K [0x0000000080800000, 0x00000000a7200000, 0x00000000d5800000)
  object space 632832K, 68% used [0x0000000080800000,0x000000009add6500,0x00000000a7200000)
 Metaspace       used 18090K, capacity 18976K, committed 19328K, reserved 1064960K
  class space    used 2607K, capacity 2817K, committed 2944K, reserved 1048576K
Event: 14663.442 GC heap after
Heap after GC invocations=580691 (full 6):
 PSYoungGen      total 695808K, used 64K [0x00000000d5800000, 0x0000000100000000, 0x0000000100000000)
  eden space 695296K, 0% used [0x00000000d5800000,0x00000000d5800000,0x00000000fff00000)
  from space 512K, 12% used [0x00000000fff00000,0x00000000fff10000,0x00000000fff80000)
  to   space 512K, 0% used [0x00000000fff80000,0x00000000fff80000,0x0000000100000000)
 ParOldGen       total 632832K, used 431961K [0x0000000080800000, 0x00000000a7200000, 0x00000000d5800000)
  object space 632832K, 68% used [0x0000000080800000,0x000000009add6500,0x00000000a7200000)
 Metaspace       used 18090K, capacity 18976K, committed 19328K, reserved 1064960K
  class space    used 2607K, capacity 2817K, committed 2944K, reserved 1048576K
}
Event: 14663.455 GC heap before
{Heap before GC invocations=580692 (full 6):
 PSYoungGen      total 695808K, used 695360K [0x00000000d5800000, 0x0000000100000000, 0x0000000100000000)
  eden space 695296K, 100% used [0x00000000d5800000,0x00000000fff00000,0x00000000fff00000)
  from space 512K, 12% used [0x00000000fff00000,0x00000000fff10000,0x00000000fff80000)
  to   space 512K, 0% used [0x00000000fff80000,0x00000000fff80000,0x0000000100000000)
 ParOldGen       total 632832K, used 431961K [0x0000000080800000, 0x00000000a7200000, 0x00000000d5800000)
  object space 632832K, 68% used [0x0000000080800000,0x000000009add6500,0x00000000a7200000)
 Metaspace       used 18090K, capacity 18976K, committed 19328K, reserved 1064960K
  class space    used 2607K, capacity 2817K, committed 2944K, reserved 1048576K
Event: 14663.501 GC heap after
Heap after GC invocations=580692 (full 6):
 PSYoungGen      total 695808K, used 32K [0x00000000d5800000, 0x0000000100000000, 0x0000000100000000)
  eden space 695296K, 0% used [0x00000000d5800000,0x00000000d5800000,0x00000000fff00000)
  from space 512K, 6% used [0x00000000fff80000,0x00000000fff88000,0x0000000100000000)
  to   space 512K, 0% used [0x00000000fff00000,0x00000000fff00000,0x00000000fff80000)
 ParOldGen       total 632832K, used 431961K [0x0000000080800000, 0x00000000a7200000, 0x00000000d5800000)
  object space 632832K, 68% used [0x0000000080800000,0x000000009add6500,0x00000000a7200000)
 Metaspace       used 18090K, capacity 18976K, committed 19328K, reserved 1064960K
  class space    used 2607K, capacity 2817K, committed 2944K, reserved 1048576K
}
Event: 14663.516 GC heap before
{Heap before GC invocations=580693 (full 6):
 PSYoungGen      total 695808K, used 695328K [0x00000000d5800000, 0x0000000100000000, 0x0000000100000000)
  eden space 695296K, 100% used [0x00000000d5800000,0x00000000fff00000,0x00000000fff00000)
  from space 512K, 6% used [0x00000000fff80000,0x00000000fff88000,0x0000000100000000)
  to   space 512K, 0% used [0x00000000fff00000,0x00000000fff00000,0x00000000fff80000)
 ParOldGen       total 632832K, used 431961K [0x0000000080800000, 0x00000000a7200000, 0x00000000d5800000)
  object space 632832K, 68% used [0x0000000080800000,0x000000009add6500,0x00000000a7200000)
 Metaspace       used 18090K, capacity 18976K, committed 19328K, reserved 1064960K
  class space    used 2607K, capacity 2817K, committed 2944K, reserved 1048576K
Event: 14663.601 GC heap after
Heap after GC invocations=580693 (full 6):
 PSYoungGen      total 695808K, used 32K [0x00000000d5800000, 0x0000000100000000, 0x0000000100000000)
  eden space 695296K, 0% used [0x00000000d5800000,0x00000000d5800000,0x00000000fff00000)
  from space 512K, 6% used [0x00000000fff00000,0x00000000fff08000,0x00000000fff80000)
  to   space 512K, 0% used [0x00000000fff80000,0x00000000fff80000,0x0000000100000000)
 ParOldGen       total 632832K, used 431961K [0x0000000080800000, 0x00000000a7200000, 0x00000000d5800000)
  object space 632832K, 68% used [0x0000000080800000,0x000000009add6500,0x00000000a7200000)
 Metaspace       used 18090K, capacity 18976K, committed 19328K, reserved 1064960K
  class space    used 2607K, capacity 2817K, committed 2944K, reserved 1048576K
}
Event: 14663.614 GC heap before
{Heap before GC invocations=580694 (full 6):
 PSYoungGen      total 695808K, used 695328K [0x00000000d5800000, 0x0000000100000000, 0x0000000100000000)
  eden space 695296K, 100% used [0x00000000d5800000,0x00000000fff00000,0x00000000fff00000)
  from space 512K, 6% used [0x00000000fff00000,0x00000000fff08000,0x00000000fff80000)
  to   space 512K, 0% used [0x00000000fff80000,0x00000000fff80000,0x0000000100000000)
 ParOldGen       total 632832K, used 431961K [0x0000000080800000, 0x00000000a7200000, 0x00000000d5800000)
  object space 632832K, 68% used [0x0000000080800000,0x000000009add6500,0x00000000a7200000)
 Metaspace       used 18090K, capacity 18976K, committed 19328K, reserved 1064960K
  class space    used 2607K, capacity 2817K, committed 2944K, reserved 1048576K
Event: 14663.660 GC heap after
Heap after GC invocations=580694 (full 6):
 PSYoungGen      total 695808K, used 32K [0x00000000d5800000, 0x0000000100000000, 0x0000000100000000)
  eden space 695296K, 0% used [0x00000000d5800000,0x00000000d5800000,0x00000000fff00000)
  from space 512K, 6% used [0x00000000fff80000,0x00000000fff88000,0x0000000100000000)
  to   space 512K, 0% used [0x00000000fff00000,0x00000000fff00000,0x00000000fff80000)
 ParOldGen       total 632832K, used 431961K [0x0000000080800000, 0x00000000a7200000, 0x00000000d5800000)
  object space 632832K, 68% used [0x0000000080800000,0x000000009add6500,0x00000000a7200000)
 Metaspace       used 18090K, capacity 18976K, committed 19328K, reserved 1064960K
  class space    used 2607K, capacity 2817K, committed 2944K, reserved 1048576K
}
Event: 14663.675 GC heap before
{Heap before GC invocations=580695 (full 6):
 PSYoungGen      total 695808K, used 695328K [0x00000000d5800000, 0x0000000100000000, 0x0000000100000000)
  eden space 695296K, 100% used [0x00000000d5800000,0x00000000fff00000,0x00000000fff00000)
  from space 512K, 6% used [0x00000000fff80000,0x00000000fff88000,0x0000000100000000)
  to   space 512K, 0% used [0x00000000fff00000,0x00000000fff00000,0x00000000fff80000)
 ParOldGen       total 632832K, used 431961K [0x0000000080800000, 0x00000000a7200000, 0x00000000d5800000)
  object space 632832K, 68% used [0x0000000080800000,0x000000009add6500,0x00000000a7200000)
 Metaspace       used 18090K, capacity 18976K, committed 19328K, reserved 1064960K
  class space    used 2607K, capacity 2817K, committed 2944K, reserved 1048576K
Event: 14663.724 GC heap after
Heap after GC invocations=580695 (full 6):
 PSYoungGen      total 695808K, used 32K [0x00000000d5800000, 0x0000000100000000, 0x0000000100000000)
  eden space 695296K, 0% used [0x00000000d5800000,0x00000000d5800000,0x00000000fff00000)
  from space 512K, 6% used [0x00000000fff00000,0x00000000fff08000,0x00000000fff80000)
  to   space 512K, 0% used [0x00000000fff80000,0x00000000fff80000,0x0000000100000000)
 ParOldGen       total 632832K, used 431961K [0x0000000080800000, 0x00000000a7200000, 0x00000000d5800000)
  object space 632832K, 68% used [0x0000000080800000,0x000000009add6500,0x00000000a7200000)
 Metaspace       used 18090K, capacity 18976K, committed 19328K, reserved 1064960K
  class space    used 2607K, capacity 2817K, committed 2944K, reserved 1048576K
}

