# JRE version: Java(TM) SE Runtime Environment (8.0_191-b12) (build 1.8.0_191-b12)
# Java VM: Java HotSpot(TM) 64-Bit Server VM (25.191-b12 mixed mode windows-amd64 compressed oops)
Heap:
 PSYoungGen      total 273920K, used 265856K [0x00000000d5800000, 0x00000000e6c00000, 0x0000000100000000)
  eden space 265728K, 100% used [0x00000000d5800000,0x00000000e5b80000,0x00000000e5b80000)
  from space 8192K, 1% used [0x00000000e5b80000,0x00000000e5ba0000,0x00000000e6380000)
  to   space 7680K, 0% used [0x00000000e6380000,0x00000000e6380000,0x00000000e6b00000)
 ParOldGen       total 87552K, used 6777K [0x0000000080800000, 0x0000000085d80000, 0x00000000d5800000)
  object space 87552K, 7% used [0x0000000080800000,0x0000000080e9e428,0x0000000085d80000)
 Metaspace       used 13717K, capacity 14246K, committed 14464K, reserved 1060864K
  class space    used 1908K, capacity 2052K, committed 2176K, reserved 1048576K
GC Heap History (10 events):
Event: 1.684 GC heap before
{Heap before GC invocations=11 (full 0):
 PSYoungGen      total 273408K, used 265728K [0x00000000d5800000, 0x00000000e6c00000, 0x0000000100000000)
  eden space 265728K, 100% used [0x00000000d5800000,0x00000000e5b80000,0x00000000e5b80000)
  from space 7680K, 0% used [0x00000000e6380000,0x00000000e6380000,0x00000000e6b00000)
  to   space 8192K, 0% used [0x00000000e5b80000,0x00000000e5b80000,0x00000000e6380000)
 ParOldGen       total 87552K, used 6592K [0x0000000080800000, 0x0000000085d80000, 0x00000000d5800000)
  object space 87552K, 7% used [0x0000000080800000,0x0000000080e70278,0x0000000085d80000)
 Metaspace       used 12783K, capacity 13216K, committed 13440K, reserved 1060864K
  class space    used 1776K, capacity 1909K, committed 1920K, reserved 1048576K
Event: 1.684 GC heap after
Heap after GC invocations=11 (full 0):
 PSYoungGen      total 273920K, used 0K [0x00000000d5800000, 0x00000000e6c00000, 0x0000000100000000)
  eden space 265728K, 0% used [0x00000000d5800000,0x00000000d5800000,0x00000000e5b80000)
  from space 8192K, 0% used [0x00000000e5b80000,0x00000000e5b80000,0x00000000e6380000)
  to   space 7680K, 0% used [0x00000000e6380000,0x00000000e6380000,0x00000000e6b00000)
 ParOldGen       total 87552K, used 6592K [0x0000000080800000, 0x0000000085d80000, 0x00000000d5800000)
  object space 87552K, 7% used [0x0000000080800000,0x0000000080e70278,0x0000000085d80000)
 Metaspace       used 12783K, capacity 13216K, committed 13440K, reserved 1060864K
  class space    used 1776K, capacity 1909K, committed 1920K, reserved 1048576K
}
Event: 1.690 GC heap before
{Heap before GC invocations=12 (full 0):
 PSYoungGen      total 273920K, used 265728K [0x00000000d5800000, 0x00000000e6c00000, 0x0000000100000000)
  eden space 265728K, 100% used [0x00000000d5800000,0x00000000e5b80000,0x00000000e5b80000)
  from space 8192K, 0% used [0x00000000e5b80000,0x00000000e5b80000,0x00000000e6380000)
  to   space 7680K, 0% used [0x00000000e6380000,0x00000000e6380000,0x00000000e6b00000)
 ParOldGen       total 87552K, used 6592K [0x0000000080800000, 0x0000000085d80000, 0x00000000d5800000)
  object space 87552K, 7% used [0x0000000080800000,0x0000000080e70278,0x0000000085d80000)
 Metaspace       used 12783K, capacity 13216K, committed 13440K, reserved 1060864K
  class space    used 1776K, capacity 1909K, committed 1920K, reserved 1048576K
Event: 1.691 GC heap after
Heap after GC invocations=12 (full 0):
 PSYoungGen      total 273408K, used 0K [0x00000000d5800000, 0x00000000e6c00000, 0x0000000100000000)
  eden space 265728K, 0% used [0x00000000d5800000,0x00000000d5800000,0x00000000e5b80000)
  from space 7680K, 0% used [0x00000000e6380000,0x00000000e6380000,0x00000000e6b00000)
  to   space 8192K, 0% used [0x00000000e5b80000,0x00000000e5b80000,0x00000000e6380000)
 ParOldGen       total 87552K, used 6592K [0x0000000080800000, 0x0000000085d80000, 0x00000000d5800000)
  object space 87552K, 7% used [0x0000000080800000,0x0000000080e70278,0x0000000085d80000)
 Metaspace       used 12783K, capacity 13216K, committed 13440K, reserved 1060864K
  class space    used 1776K, capacity 1909K, committed 1920K, reserved 1048576K
}
Event: 1.719 GC heap before
{Heap before GC invocations=13 (full 0):
 PSYoungGen      total 273408K, used 265728K [0x00000000d5800000, 0x00000000e6c00000, 0x0000000100000000)
  eden space 265728K, 100% used [0x00000000d5800000,0x00000000e5b80000,0x00000000e5b80000)
  from space 7680K, 0% used [0x00000000e6380000,0x00000000e6380000,0x00000000e6b00000)
  to   space 8192K, 0% used [0x00000000e5b80000,0x00000000e5b80000,0x00000000e6380000)
 ParOldGen       total 87552K, used 6592K [0x0000000080800000, 0x0000000085d80000, 0x00000000d5800000)
  object space 87552K, 7% used [0x0000000080800000,0x0000000080e70278,0x0000000085d80000)
 Metaspace       used 12783K, capacity 13216K, committed 13440K, reserved 1060864K
  class space    used 1776K, capacity 1909K, committed 1920K, reserved 1048576K
Event: 1.720 GC heap after
Heap after GC invocations=13 (full 0):
 PSYoungGen      total 273920K, used 0K [0x00000000d5800000, 0x00000000e6c00000, 0x0000000100000000)
  eden space 265728K, 0% used [0x00000000d5800000,0x00000000d5800000,0x00000000e5b80000)
  from space 8192K, 0% used [0x00000000e5b80000,0x00000000e5b80000,0x00000000e6380000)
  to   space 7680K, 0% used [0x00000000e6380000,0x00000000e6380000,0x00000000e6b00000)
 ParOldGen       total 87552K, used 6592K [0x0000000080800000, 0x0000000085d80000, 0x00000000d5800000)
  object space 87552K, 7% used [0x0000000080800000,0x0000000080e70278,0x0000000085d80000)
 Metaspace       used 12783K, capacity 13216K, committed 13440K, reserved 1060864K
  class space    used 1776K, capacity 1909K, committed 1920K, reserved 1048576K
}
Event: 1.913 GC heap before
{Heap before GC invocations=14 (full 0):
 PSYoungGen      total 273920K, used 265728K [0x00000000d5800000, 0x00000000e6c00000, 0x0000000100000000)
  eden space 265728K, 100% used [0x00000000d5800000,0x00000000e5b80000,0x00000000e5b80000)
  from space 8192K, 0% used [0x00000000e5b80000,0x00000000e5b80000,0x00000000e6380000)
  to   space 7680K, 0% used [0x00000000e6380000,0x00000000e6380000,0x00000000e6b00000)
 ParOldGen       total 87552K, used 6592K [0x0000000080800000, 0x0000000085d80000, 0x00000000d5800000)
  object space 87552K, 7% used [0x0000000080800000,0x0000000080e70278,0x0000000085d80000)
 Metaspace       used 13534K, capacity 14054K, committed 14080K, reserved 1060864K
  class space    used 1882K, capacity 2030K, committed 2048K, reserved 1048576K
Event: 1.916 GC heap after
Heap after GC invocations=14 (full 0):
 PSYoungGen      total 273408K, used 256K [0x00000000d5800000, 0x00000000e6c00000, 0x0000000100000000)
  eden space 265728K, 0% used [0x00000000d5800000,0x00000000d5800000,0x00000000e5b80000)
  from space 7680K, 3% used [0x00000000e6380000,0x00000000e63c0000,0x00000000e6b00000)
  to   space 8192K, 0% used [0x00000000e5b80000,0x00000000e5b80000,0x00000000e6380000)
 ParOldGen       total 87552K, used 6600K [0x0000000080800000, 0x0000000085d80000, 0x00000000d5800000)
  object space 87552K, 7% used [0x0000000080800000,0x0000000080e72278,0x0000000085d80000)
 Metaspace       used 13534K, capacity 14054K, committed 14080K, reserved 1060864K
  class space    used 1882K, capacity 2030K, committed 2048K, reserved 1048576K
}
Event: 1.936 GC heap before
{Heap before GC invocations=15 (full 0):
 PSYoungGen      total 273408K, used 265984K [0x00000000d5800000, 0x00000000e6c00000, 0x0000000100000000)
  eden space 265728K, 100% used [0x00000000d5800000,0x00000000e5b80000,0x00000000e5b80000)
  from space 7680K, 3% used [0x00000000e6380000,0x00000000e63c0000,0x00000000e6b00000)
  to   space 8192K, 0% used [0x00000000e5b80000,0x00000000e5b80000,0x00000000e6380000)
 ParOldGen       total 87552K, used 6600K [0x0000000080800000, 0x0000000085d80000, 0x00000000d5800000)
  object space 87552K, 7% used [0x0000000080800000,0x0000000080e72278,0x0000000085d80000)
 Metaspace       used 13582K, capacity 14070K, committed 14080K, reserved 1060864K
  class space    used 1890K, capacity 2038K, committed 2048K, reserved 1048576K
Event: 1.937 GC heap after
Heap after GC invocations=15 (full 0):
 PSYoungGen      total 273920K, used 128K [0x00000000d5800000, 0x00000000e6c00000, 0x0000000100000000)
  eden space 265728K, 0% used [0x00000000d5800000,0x00000000d5800000,0x00000000e5b80000)
  from space 8192K, 1% used [0x00000000e5b80000,0x00000000e5ba0000,0x00000000e6380000)
  to   space 7680K, 0% used [0x00000000e6380000,0x00000000e6380000,0x00000000e6b00000)
 ParOldGen       total 87552K, used 6777K [0x0000000080800000, 0x0000000085d80000, 0x00000000d5800000)
  object space 87552K, 7% used [0x0000000080800000,0x0000000080e9e428,0x0000000085d80000)
 Metaspace       used 13582K, capacity 14070K, committed 14080K, reserved 1060864K
  class space    used 1890K, capacity 2038K, committed 2048K, reserved 1048576K
}

